Timestamp: 2021-12-03 03:05:11.758296 | ProcessId: client_0 | Action: Initial configuration | Object: {'nvalidators': 7, 'nclients': 1, 'nfaulty': 2.0, 'sleeptime': 1, 'clienttimeout': 10, 'nclientops': 10, 'delta': 2, 'window_size': 3, 'exclude_size': 0, 'duplicate_votes': False, 'failure_config': FailureConfig(failures=[], seed=637713655), 'round_leaders': [0, 2, 3, 3, 3, 3, 3], 'network_playground': {<NetworkPlayground:dbc0d>}} |
Timestamp: 2021-12-03 03:05:11.764838 | ProcessId: client_0 | Event: Sent | MsgType: Request | To: ALL validators | Msg: {'req_id': '0_0', 'command': '0-0'}
Timestamp: 2021-12-03 03:05:11.765973 | ProcessId: client_0 | Event: Sent | MsgType: Request | To: ALL validators | Msg: {'req_id': '0_1', 'command': '0-1'}
Timestamp: 2021-12-03 03:05:11.767045 | ProcessId: client_0 | Event: Sent | MsgType: Request | To: ALL validators | Msg: {'req_id': '0_2', 'command': '0-2'}
Timestamp: 2021-12-03 03:05:11.768086 | ProcessId: client_0 | Event: Sent | MsgType: Request | To: ALL validators | Msg: {'req_id': '0_3', 'command': '0-3'}
Timestamp: 2021-12-03 03:05:11.769133 | ProcessId: client_0 | Event: Sent | MsgType: Request | To: ALL validators | Msg: {'req_id': '0_4', 'command': '0-4'}
Timestamp: 2021-12-03 03:05:11.770124 | ProcessId: client_0 | Event: Sent | MsgType: Request | To: ALL validators | Msg: {'req_id': '0_5', 'command': '0-5'}
Timestamp: 2021-12-03 03:05:11.771148 | ProcessId: client_0 | Event: Sent | MsgType: Request | To: ALL validators | Msg: {'req_id': '0_6', 'command': '0-6'}
Timestamp: 2021-12-03 03:05:11.772226 | ProcessId: client_0 | Event: Sent | MsgType: Request | To: ALL validators | Msg: {'req_id': '0_7', 'command': '0-7'}
Timestamp: 2021-12-03 03:05:11.773228 | ProcessId: client_0 | Event: Sent | MsgType: Request | To: ALL validators | Msg: {'req_id': '0_8', 'command': '0-8'}
Timestamp: 2021-12-03 03:05:11.774309 | ProcessId: client_0 | Event: Sent | MsgType: Request | To: ALL validators | Msg: {'req_id': '0_9', 'command': '0-9'}
Timestamp: 2021-12-03 03:05:21.765214 | ProcessId: client_0 | Action: Retransmitting Request | Object: {'req_id': '0_0', 'command': '0-0'} |
Timestamp: 2021-12-03 03:05:21.766245 | ProcessId: client_0 | Action: Retransmitting Request | Object: {'req_id': '0_1', 'command': '0-1'} |
Timestamp: 2021-12-03 03:05:21.767278 | ProcessId: client_0 | Action: Retransmitting Request | Object: {'req_id': '0_2', 'command': '0-2'} |
Timestamp: 2021-12-03 03:05:21.768398 | ProcessId: client_0 | Action: Retransmitting Request | Object: {'req_id': '0_3', 'command': '0-3'} |
Timestamp: 2021-12-03 03:05:21.769303 | ProcessId: client_0 | Event: Sent | MsgType: Request | To: ALL validators | Msg: {'req_id': '0_0', 'command': '0-0'}
Timestamp: 2021-12-03 03:05:21.769656 | ProcessId: client_0 | Action: Retransmitting Request | Object: {'req_id': '0_4', 'command': '0-4'} |
Timestamp: 2021-12-03 03:05:21.770380 | ProcessId: client_0 | Action: Retransmitting Request | Object: {'req_id': '0_5', 'command': '0-5'} |
Timestamp: 2021-12-03 03:05:21.771571 | ProcessId: client_0 | Action: Retransmitting Request | Object: {'req_id': '0_6', 'command': '0-6'} |
Timestamp: 2021-12-03 03:05:21.772488 | ProcessId: client_0 | Action: Retransmitting Request | Object: {'req_id': '0_7', 'command': '0-7'} |
Timestamp: 2021-12-03 03:05:21.773001 | ProcessId: client_0 | Event: Sent | MsgType: Request | To: ALL validators | Msg: {'req_id': '0_1', 'command': '0-1'}
Timestamp: 2021-12-03 03:05:21.773479 | ProcessId: client_0 | Action: Retransmitting Request | Object: {'req_id': '0_8', 'command': '0-8'} |
Timestamp: 2021-12-03 03:05:21.774640 | ProcessId: client_0 | Action: Retransmitting Request | Object: {'req_id': '0_9', 'command': '0-9'} |
Timestamp: 2021-12-03 03:05:21.776444 | ProcessId: client_0 | Event: Sent | MsgType: Request | To: ALL validators | Msg: {'req_id': '0_2', 'command': '0-2'}
Timestamp: 2021-12-03 03:05:21.778330 | ProcessId: client_0 | Event: Sent | MsgType: Request | To: ALL validators | Msg: {'req_id': '0_3', 'command': '0-3'}
Timestamp: 2021-12-03 03:05:21.780097 | ProcessId: client_0 | Event: Sent | MsgType: Request | To: ALL validators | Msg: {'req_id': '0_4', 'command': '0-4'}
Timestamp: 2021-12-03 03:05:21.780757 | ProcessId: client_0 | Event: Sent | MsgType: Request | To: ALL validators | Msg: {'req_id': '0_5', 'command': '0-5'}
Timestamp: 2021-12-03 03:05:21.781499 | ProcessId: client_0 | Event: Sent | MsgType: Request | To: ALL validators | Msg: {'req_id': '0_6', 'command': '0-6'}
Timestamp: 2021-12-03 03:05:21.782180 | ProcessId: client_0 | Event: Sent | MsgType: Request | To: ALL validators | Msg: {'req_id': '0_7', 'command': '0-7'}
Timestamp: 2021-12-03 03:05:21.782651 | ProcessId: client_0 | Event: Sent | MsgType: Request | To: ALL validators | Msg: {'req_id': '0_8', 'command': '0-8'}
Timestamp: 2021-12-03 03:05:21.782799 | ProcessId: client_0 | Event: Sent | MsgType: Request | To: ALL validators | Msg: {'req_id': '0_9', 'command': '0-9'}
Timestamp: 2021-12-03 03:05:29.863367 | ProcessId: client_0 | Event: Received | MsgType: Response | From: validator_3 | Msg: {'req_id': '0_0', 'resp_status': 'success'}
Timestamp: 2021-12-03 03:05:29.867185 | ProcessId: client_0 | Event: Received | MsgType: Response | From: validator_0 | Msg: {'req_id': '0_0', 'resp_status': 'success'}
Timestamp: 2021-12-03 03:05:29.867928 | ProcessId: client_0 | Event: Received | MsgType: Response | From: validator_1 | Msg: {'req_id': '0_0', 'resp_status': 'success'}
Timestamp: 2021-12-03 03:05:29.867967 | ProcessId: client_0 | Action: Received f + 1 valid responses | Object: 0_0 |
Timestamp: 2021-12-03 03:05:29.868775 | ProcessId: client_0 | Event: Received | MsgType: Response | From: validator_2 | Msg: {'req_id': '0_0', 'resp_status': 'success'}
Timestamp: 2021-12-03 03:05:29.871053 | ProcessId: client_0 | Event: Received | MsgType: Response | From: validator_4 | Msg: {'req_id': '0_0', 'resp_status': 'success'}
Timestamp: 2021-12-03 03:05:29.875773 | ProcessId: client_0 | Event: Received | MsgType: Response | From: validator_3 | Msg: {'req_id': '0_0', 'resp_status': 'success'}
Timestamp: 2021-12-03 03:05:29.879384 | ProcessId: client_0 | Event: Received | MsgType: Response | From: validator_0 | Msg: {'req_id': '0_0', 'resp_status': 'success'}
Timestamp: 2021-12-03 03:05:29.879935 | ProcessId: client_0 | Event: Received | MsgType: Response | From: validator_1 | Msg: {'req_id': '0_0', 'resp_status': 'success'}
Timestamp: 2021-12-03 03:05:29.880486 | ProcessId: client_0 | Event: Received | MsgType: Response | From: validator_2 | Msg: {'req_id': '0_0', 'resp_status': 'success'}
Timestamp: 2021-12-03 03:05:29.880598 | ProcessId: client_0 | Event: Received | MsgType: Response | From: validator_4 | Msg: {'req_id': '0_0', 'resp_status': 'success'}
Timestamp: 2021-12-03 03:05:29.886994 | ProcessId: client_0 | Event: Received | MsgType: Response | From: validator_3 | Msg: {'req_id': '0_1', 'resp_status': 'success'}
Timestamp: 2021-12-03 03:05:29.890382 | ProcessId: client_0 | Event: Received | MsgType: Response | From: validator_0 | Msg: {'req_id': '0_1', 'resp_status': 'success'}
Timestamp: 2021-12-03 03:05:29.890877 | ProcessId: client_0 | Event: Received | MsgType: Response | From: validator_1 | Msg: {'req_id': '0_1', 'resp_status': 'success'}
Timestamp: 2021-12-03 03:05:29.890934 | ProcessId: client_0 | Action: Received f + 1 valid responses | Object: 0_1 |
Timestamp: 2021-12-03 03:05:29.891525 | ProcessId: client_0 | Event: Received | MsgType: Response | From: validator_2 | Msg: {'req_id': '0_1', 'resp_status': 'success'}
Timestamp: 2021-12-03 03:05:29.891724 | ProcessId: client_0 | Event: Received | MsgType: Response | From: validator_4 | Msg: {'req_id': '0_1', 'resp_status': 'success'}
Timestamp: 2021-12-03 03:05:29.898036 | ProcessId: client_0 | Event: Received | MsgType: Response | From: validator_3 | Msg: {'req_id': '0_2', 'resp_status': 'success'}
Timestamp: 2021-12-03 03:05:29.901390 | ProcessId: client_0 | Event: Received | MsgType: Response | From: validator_0 | Msg: {'req_id': '0_2', 'resp_status': 'success'}
Timestamp: 2021-12-03 03:05:29.901956 | ProcessId: client_0 | Event: Received | MsgType: Response | From: validator_1 | Msg: {'req_id': '0_2', 'resp_status': 'success'}
Timestamp: 2021-12-03 03:05:29.902023 | ProcessId: client_0 | Action: Received f + 1 valid responses | Object: 0_2 |
Timestamp: 2021-12-03 03:05:29.902535 | ProcessId: client_0 | Event: Received | MsgType: Response | From: validator_2 | Msg: {'req_id': '0_2', 'resp_status': 'success'}
Timestamp: 2021-12-03 03:05:29.902765 | ProcessId: client_0 | Event: Received | MsgType: Response | From: validator_4 | Msg: {'req_id': '0_2', 'resp_status': 'success'}
Timestamp: 2021-12-03 03:05:29.910816 | ProcessId: client_0 | Event: Received | MsgType: Response | From: validator_4 | Msg: {'req_id': '0_3', 'resp_status': 'success'}
Timestamp: 2021-12-03 03:05:29.915018 | ProcessId: client_0 | Event: Sent | MsgType: Done | To: parent_process | Msg: None
Timestamp: 2021-12-03 03:05:31.778773 | ProcessId: client_0 | Action: Retransmitting Request | Object: {'req_id': '0_3', 'command': '0-3'} |
Timestamp: 2021-12-03 03:05:31.780036 | ProcessId: client_0 | Event: Sent | MsgType: Request | To: ALL validators | Msg: {'req_id': '0_3', 'command': '0-3'}
Timestamp: 2021-12-03 03:05:31.780337 | ProcessId: client_0 | Action: Retransmitting Request | Object: {'req_id': '0_4', 'command': '0-4'} |
Timestamp: 2021-12-03 03:05:31.781036 | ProcessId: client_0 | Action: Retransmitting Request | Object: {'req_id': '0_5', 'command': '0-5'} |
Timestamp: 2021-12-03 03:05:31.781798 | ProcessId: client_0 | Action: Retransmitting Request | Object: {'req_id': '0_6', 'command': '0-6'} |
Timestamp: 2021-12-03 03:05:31.782141 | ProcessId: client_0 | Event: Sent | MsgType: Request | To: ALL validators | Msg: {'req_id': '0_4', 'command': '0-4'}
Timestamp: 2021-12-03 03:05:31.782624 | ProcessId: client_0 | Action: Retransmitting Request | Object: {'req_id': '0_7', 'command': '0-7'} |
Timestamp: 2021-12-03 03:05:31.782999 | ProcessId: client_0 | Action: Retransmitting Request | Object: {'req_id': '0_8', 'command': '0-8'} |
Timestamp: 2021-12-03 03:05:31.783157 | ProcessId: client_0 | Action: Retransmitting Request | Object: {'req_id': '0_9', 'command': '0-9'} |
Timestamp: 2021-12-03 03:05:31.785484 | ProcessId: client_0 | Event: Sent | MsgType: Request | To: ALL validators | Msg: {'req_id': '0_5', 'command': '0-5'}
Timestamp: 2021-12-03 03:05:31.787067 | ProcessId: client_0 | Event: Sent | MsgType: Request | To: ALL validators | Msg: {'req_id': '0_6', 'command': '0-6'}
Timestamp: 2021-12-03 03:05:31.788100 | ProcessId: client_0 | Event: Sent | MsgType: Request | To: ALL validators | Msg: {'req_id': '0_7', 'command': '0-7'}
Timestamp: 2021-12-03 03:05:31.788407 | ProcessId: client_0 | Event: Sent | MsgType: Request | To: ALL validators | Msg: {'req_id': '0_8', 'command': '0-8'}
Timestamp: 2021-12-03 03:05:31.788562 | ProcessId: client_0 | Event: Sent | MsgType: Request | To: ALL validators | Msg: {'req_id': '0_9', 'command': '0-9'}
Timestamp: 2021-12-03 03:05:41.780541 | ProcessId: client_0 | Action: Retransmitting Request | Object: {'req_id': '0_3', 'command': '0-3'} |
Timestamp: 2021-12-03 03:05:41.783104 | ProcessId: client_0 | Action: Retransmitting Request | Object: {'req_id': '0_4', 'command': '0-4'} |
Timestamp: 2021-12-03 03:05:41.786197 | ProcessId: client_0 | Action: Retransmitting Request | Object: {'req_id': '0_5', 'command': '0-5'} |
Timestamp: 2021-12-03 03:05:41.788965 | ProcessId: client_0 | Action: Retransmitting Request | Object: {'req_id': '0_9', 'command': '0-9'} |
Timestamp: 2021-12-03 03:05:41.789070 | ProcessId: client_0 | Action: Retransmitting Request | Object: {'req_id': '0_7', 'command': '0-7'} |
Timestamp: 2021-12-03 03:05:41.789111 | ProcessId: client_0 | Action: Retransmitting Request | Object: {'req_id': '0_6', 'command': '0-6'} |
Timestamp: 2021-12-03 03:05:41.789287 | ProcessId: client_0 | Action: Retransmitting Request | Object: {'req_id': '0_8', 'command': '0-8'} |
Timestamp: 2021-12-03 03:05:41.790261 | ProcessId: client_0 | Event: Sent | MsgType: Request | To: ALL validators | Msg: {'req_id': '0_3', 'command': '0-3'}
Timestamp: 2021-12-03 03:05:41.794273 | ProcessId: client_0 | Event: Sent | MsgType: Request | To: ALL validators | Msg: {'req_id': '0_4', 'command': '0-4'}
Timestamp: 2021-12-03 03:05:41.795626 | ProcessId: client_0 | Event: Sent | MsgType: Request | To: ALL validators | Msg: {'req_id': '0_5', 'command': '0-5'}
Timestamp: 2021-12-03 03:05:41.796723 | ProcessId: client_0 | Event: Sent | MsgType: Request | To: ALL validators | Msg: {'req_id': '0_9', 'command': '0-9'}
Timestamp: 2021-12-03 03:05:41.796897 | ProcessId: client_0 | Event: Sent | MsgType: Request | To: ALL validators | Msg: {'req_id': '0_7', 'command': '0-7'}
Timestamp: 2021-12-03 03:05:41.797102 | ProcessId: client_0 | Event: Sent | MsgType: Request | To: ALL validators | Msg: {'req_id': '0_6', 'command': '0-6'}
Timestamp: 2021-12-03 03:05:41.797174 | ProcessId: client_0 | Event: Sent | MsgType: Request | To: ALL validators | Msg: {'req_id': '0_8', 'command': '0-8'}
Timestamp: 2021-12-03 03:05:51.790622 | ProcessId: client_0 | Action: Retransmitting Request | Object: {'req_id': '0_3', 'command': '0-3'} |
Timestamp: 2021-12-03 03:05:51.791771 | ProcessId: client_0 | Event: Sent | MsgType: Request | To: ALL validators | Msg: {'req_id': '0_3', 'command': '0-3'}
Timestamp: 2021-12-03 03:05:51.794503 | ProcessId: client_0 | Action: Retransmitting Request | Object: {'req_id': '0_4', 'command': '0-4'} |
Timestamp: 2021-12-03 03:05:51.795641 | ProcessId: client_0 | Event: Sent | MsgType: Request | To: ALL validators | Msg: {'req_id': '0_4', 'command': '0-4'}
Timestamp: 2021-12-03 03:05:51.795878 | ProcessId: client_0 | Action: Retransmitting Request | Object: {'req_id': '0_5', 'command': '0-5'} |
Timestamp: 2021-12-03 03:05:51.796805 | ProcessId: client_0 | Event: Sent | MsgType: Request | To: ALL validators | Msg: {'req_id': '0_5', 'command': '0-5'}
Timestamp: 2021-12-03 03:05:51.797135 | ProcessId: client_0 | Action: Retransmitting Request | Object: {'req_id': '0_9', 'command': '0-9'} |
Timestamp: 2021-12-03 03:05:51.797403 | ProcessId: client_0 | Action: Retransmitting Request | Object: {'req_id': '0_7', 'command': '0-7'} |
Timestamp: 2021-12-03 03:05:51.797612 | ProcessId: client_0 | Action: Retransmitting Request | Object: {'req_id': '0_8', 'command': '0-8'} |
Timestamp: 2021-12-03 03:05:51.797784 | ProcessId: client_0 | Action: Retransmitting Request | Object: {'req_id': '0_6', 'command': '0-6'} |
Timestamp: 2021-12-03 03:05:51.801324 | ProcessId: client_0 | Event: Sent | MsgType: Request | To: ALL validators | Msg: {'req_id': '0_9', 'command': '0-9'}
Timestamp: 2021-12-03 03:05:51.802217 | ProcessId: client_0 | Event: Sent | MsgType: Request | To: ALL validators | Msg: {'req_id': '0_7', 'command': '0-7'}
Timestamp: 2021-12-03 03:05:51.802446 | ProcessId: client_0 | Event: Sent | MsgType: Request | To: ALL validators | Msg: {'req_id': '0_8', 'command': '0-8'}
Timestamp: 2021-12-03 03:05:51.802560 | ProcessId: client_0 | Event: Sent | MsgType: Request | To: ALL validators | Msg: {'req_id': '0_6', 'command': '0-6'}
Timestamp: 2021-12-03 03:06:01.792062 | ProcessId: client_0 | Action: Retransmitting Request | Object: {'req_id': '0_3', 'command': '0-3'} |
Timestamp: 2021-12-03 03:06:01.793320 | ProcessId: client_0 | Event: Sent | MsgType: Request | To: ALL validators | Msg: {'req_id': '0_3', 'command': '0-3'}
Timestamp: 2021-12-03 03:06:01.795922 | ProcessId: client_0 | Action: Retransmitting Request | Object: {'req_id': '0_4', 'command': '0-4'} |
Timestamp: 2021-12-03 03:06:01.796839 | ProcessId: client_0 | Event: Sent | MsgType: Request | To: ALL validators | Msg: {'req_id': '0_4', 'command': '0-4'}
Timestamp: 2021-12-03 03:06:01.797045 | ProcessId: client_0 | Action: Retransmitting Request | Object: {'req_id': '0_5', 'command': '0-5'} |
Timestamp: 2021-12-03 03:06:01.798003 | ProcessId: client_0 | Event: Sent | MsgType: Request | To: ALL validators | Msg: {'req_id': '0_5', 'command': '0-5'}
Timestamp: 2021-12-03 03:06:01.801570 | ProcessId: client_0 | Action: Retransmitting Request | Object: {'req_id': '0_9', 'command': '0-9'} |
Timestamp: 2021-12-03 03:06:01.802491 | ProcessId: client_0 | Event: Sent | MsgType: Request | To: ALL validators | Msg: {'req_id': '0_9', 'command': '0-9'}
Timestamp: 2021-12-03 03:06:01.802533 | ProcessId: client_0 | Action: Retransmitting Request | Object: {'req_id': '0_7', 'command': '0-7'} |
Timestamp: 2021-12-03 03:06:01.803063 | ProcessId: client_0 | Action: Retransmitting Request | Object: {'req_id': '0_8', 'command': '0-8'} |
Timestamp: 2021-12-03 03:06:01.803170 | ProcessId: client_0 | Action: Retransmitting Request | Object: {'req_id': '0_6', 'command': '0-6'} |
Timestamp: 2021-12-03 03:06:01.805800 | ProcessId: client_0 | Event: Sent | MsgType: Request | To: ALL validators | Msg: {'req_id': '0_7', 'command': '0-7'}
Timestamp: 2021-12-03 03:06:01.806533 | ProcessId: client_0 | Event: Sent | MsgType: Request | To: ALL validators | Msg: {'req_id': '0_8', 'command': '0-8'}
Timestamp: 2021-12-03 03:06:01.806644 | ProcessId: client_0 | Event: Sent | MsgType: Request | To: ALL validators | Msg: {'req_id': '0_6', 'command': '0-6'}
Timestamp: 2021-12-03 03:06:11.793734 | ProcessId: client_0 | Action: Retransmitting Request | Object: {'req_id': '0_3', 'command': '0-3'} |
Timestamp: 2021-12-03 03:06:11.797645 | ProcessId: client_0 | Action: Retransmitting Request | Object: {'req_id': '0_4', 'command': '0-4'} |
Timestamp: 2021-12-03 03:06:11.798830 | ProcessId: client_0 | Event: Sent | MsgType: Request | To: ALL validators | Msg: {'req_id': '0_3', 'command': '0-3'}
Timestamp: 2021-12-03 03:06:11.799495 | ProcessId: client_0 | Action: Retransmitting Request | Object: {'req_id': '0_5', 'command': '0-5'} |
Timestamp: 2021-12-03 03:06:11.801690 | ProcessId: client_0 | Event: Sent | MsgType: Request | To: ALL validators | Msg: {'req_id': '0_4', 'command': '0-4'}
Timestamp: 2021-12-03 03:06:11.802014 | ProcessId: client_0 | Event: Sent | MsgType: Request | To: ALL validators | Msg: {'req_id': '0_5', 'command': '0-5'}
Timestamp: 2021-12-03 03:06:11.802923 | ProcessId: client_0 | Action: Retransmitting Request | Object: {'req_id': '0_9', 'command': '0-9'} |
Timestamp: 2021-12-03 03:06:11.803790 | ProcessId: client_0 | Event: Sent | MsgType: Request | To: ALL validators | Msg: {'req_id': '0_9', 'command': '0-9'}
Timestamp: 2021-12-03 03:06:11.806137 | ProcessId: client_0 | Action: Retransmitting Request | Object: {'req_id': '0_7', 'command': '0-7'} |
Timestamp: 2021-12-03 03:06:11.806787 | ProcessId: client_0 | Action: Retransmitting Request | Object: {'req_id': '0_8', 'command': '0-8'} |
Timestamp: 2021-12-03 03:06:11.806971 | ProcessId: client_0 | Action: Retransmitting Request | Object: {'req_id': '0_6', 'command': '0-6'} |
Timestamp: 2021-12-03 03:06:11.808226 | ProcessId: client_0 | Event: Sent | MsgType: Request | To: ALL validators | Msg: {'req_id': '0_7', 'command': '0-7'}
Timestamp: 2021-12-03 03:06:11.809720 | ProcessId: client_0 | Event: Sent | MsgType: Request | To: ALL validators | Msg: {'req_id': '0_8', 'command': '0-8'}
Timestamp: 2021-12-03 03:06:11.809862 | ProcessId: client_0 | Event: Sent | MsgType: Request | To: ALL validators | Msg: {'req_id': '0_6', 'command': '0-6'}
